Build started 8/17/2011 1:54:44 PM.
     1>Project "C:\Users\knobbe\Documents\Visual Studio 2010\Projects\NetworkMessageService\genericServer.vcxproj" on node 2 (build target(s)).
     1>InitializeBuildStatus:
         Creating "Debug\genericServer.unsuccessfulbuild" because "AlwaysCreate" was specified.
       ClCompile:
         c:\Program Files\Microsoft Visual Studio 10.0\VC\bin\CL.exe /c /ZI /nologo /W3 /WX- /Od /Oy- /D _MBCS /Gm /EHsc /RTC1 /MDd /GS /fp:precise /Zc:wchar_t /Zc:forScope /Fo"Debug\\" /Fd"Debug\vc100.pdb" /Gd /TP /analyze- /errorReport:prompt server.cpp
         server.cpp
       Link:
         c:\Program Files\Microsoft Visual Studio 10.0\VC\bin\link.exe /ERRORREPORT:PROMPT /OUT:"C:\Users\knobbe\Documents\Visual Studio 2010\Projects\NetworkMessageService\Debug\genericServer.exe" /NOLOGO kernel32.lib user32.lib gdi32.lib winspool.lib comdlg32.lib advapi32.lib shell32.lib ole32.lib oleaut32.lib uuid.lib odbc32.lib odbccp32.lib Ws2_32.lib kernel32.lib user32.lib gdi32.lib winspool.lib comdlg32.lib advapi32.lib shell32.lib ole32.lib oleaut32.lib uuid.lib odbc32.lib odbccp32.lib /MANIFEST /ManifestFile:"Debug\genericServer.exe.intermediate.manifest" /MANIFESTUAC:"level='asInvoker' uiAccess='false'" /DEBUG /PDB:"C:\Users\knobbe\Documents\Visual Studio 2010\Projects\NetworkMessageService\Debug\genericServer.pdb" /TLBID:1 /DYNAMICBASE /NXCOMPAT /IMPLIB:"C:\Users\knobbe\Documents\Visual Studio 2010\Projects\NetworkMessageService\Debug\genericServer.lib" /MACHINE:X86 Debug\client.obj
         Debug\main.obj
         Debug\server.obj
         Debug\server_client_common.obj
         LINK : C:\Users\knobbe\Documents\Visual Studio 2010\Projects\NetworkMessageService\Debug\genericServer.exe not found or not built by the last incremental link; performing full link
         genericServer.vcxproj -> C:\Users\knobbe\Documents\Visual Studio 2010\Projects\NetworkMessageService\Debug\genericServer.exe
       Manifest:
         c:\Program Files\Microsoft SDKs\Windows\v7.0A\bin\mt.exe /nologo /verbose /outputresource:"C:\Users\knobbe\Documents\Visual Studio 2010\Projects\NetworkMessageService\Debug\genericServer.exe;#1" /manifest Debug\genericServer.exe.intermediate.manifest
       FinalizeBuildStatus:
         Deleting file "Debug\genericServer.unsuccessfulbuild".
         Touching "Debug\genericServer.lastbuildstate".
     1>Done Building Project "C:\Users\knobbe\Documents\Visual Studio 2010\Projects\NetworkMessageService\genericServer.vcxproj" (build target(s)).

Build succeeded.

Time Elapsed 00:00:02.49
